<?xml version="1.0" encoding="UTF-8"?>
<testng-results ignored="0" total="1" passed="1" failed="0" skipped="0">
  <reporter-output>
  </reporter-output>
  <suite started-at="2022-07-18T09:52:42 ICT" name="Suite" finished-at="2022-07-18T09:52:56 ICT" duration-ms="13879">
    <groups>
    </groups>
    <test started-at="2022-07-18T09:52:42 ICT" name="Test Case" finished-at="2022-07-18T09:52:56 ICT" duration-ms="13879">
      <class name="test.DemoTest">
        <test-method is-config="true" signature="beforeTest(java.lang.String)[pri:0, instance:test.DemoTest@5c1f6d57]" started-at="2022-07-18T09:52:42 ICT" name="beforeTest" finished-at="2022-07-18T09:52:52 ICT" duration-ms="10012" status="PASS">
          <params>
            <param index="0">
              <value>
                <![CDATA[Chrome]]>
              </value>
            </param>
          </params>
          <reporter-output>
          </reporter-output>
        </test-method> <!-- beforeTest -->
        <test-method signature="demoTest()[pri:0, instance:test.DemoTest@5c1f6d57]" started-at="2022-07-18T09:52:52 ICT" name="demoTest" description="Get 10 counter and descending" finished-at="2022-07-18T09:52:55 ICT" duration-ms="2566" status="PASS">
          <reporter-output>
          </reporter-output>
        </test-method> <!-- demoTest -->
        <test-method is-config="true" signature="afterTest()[pri:0, instance:test.DemoTest@5c1f6d57]" started-at="2022-07-18T09:52:55 ICT" name="afterTest" finished-at="2022-07-18T09:52:56 ICT" duration-ms="829" status="PASS">
          <reporter-output>
          </reporter-output>
        </test-method> <!-- afterTest -->
      </class> <!-- test.DemoTest -->
    </test> <!-- Test Case -->
  </suite> <!-- Suite -->
</testng-results>
